<?xml version="1.0" encoding="UTF-8"?>
<!-- Generated by org.testng.reporters.JUnitXMLReporter -->
<testsuite ignored="0" hostname="DESKTOP-8KP7J4N" failures="0" tests="1" name="Surefire test" time="0.123" errors="0" timestamp="2025-07-04T23:41:53 IST">
  <testcase classname="base.BaseTest" name="@BeforeMethod setup" time="0.018">
    <failure type="java.lang.IllegalAccessError" message="class base.BaseTest (in unnamed module @0x7494f96a) cannot access class jdk.internal.org.jline.utils.Log (in module jdk.internal.le) because module jdk.internal.le does not export jdk.internal.org.jline.utils to unnamed module @0x7494f96a">
      <![CDATA[java.lang.IllegalAccessError: class base.BaseTest (in unnamed module @0x7494f96a) cannot access class jdk.internal.org.jline.utils.Log (in module jdk.internal.le) because module jdk.internal.le does not export jdk.internal.org.jline.utils to unnamed module @0x7494f96a
at base.BaseTest.setup(BaseTest.java:16)
at java.base/java.util.ArrayList.forEach(ArrayList.java:1511)
... Removed 36 stack frames]]>
    </failure>
  </testcase> <!-- @BeforeMethod setup -->
  <testcase classname="base.BaseTest" name="@AfterMethod teardown" time="0.0">
    <skipped/>
  </testcase> <!-- @AfterMethod teardown -->
  <testcase classname="tests.LoginTest" name="testValidLogin" time="0.0">
    <skipped/>
  </testcase> <!-- testValidLogin -->
</testsuite> <!-- Surefire test -->
