<?xml version="1.0" encoding="UTF-8"?>
<testng-results ignored="0" total="1" passed="1" failed="0" skipped="0">
  <reporter-output>
  </reporter-output>
  <suite started-at="2025-07-05T17:44:10 IST" name="Suite" finished-at="2025-07-05T17:44:33 IST" duration-ms="23550">
    <groups>
    </groups>
    <test started-at="2025-07-05T17:44:10 IST" name="Test" finished-at="2025-07-05T17:44:33 IST" duration-ms="23550">
      <class name="tests.LoginTest">
        <test-method is-config="true" signature="setup()[pri:0, instance:tests.LoginTest@7b2bbc3]" started-at="2025-07-05T17:44:10 IST" name="setup" finished-at="2025-07-05T17:44:22 IST" duration-ms="11850" status="PASS">
          <reporter-output>
          </reporter-output>
        </test-method> <!-- setup -->
        <test-method signature="testValidLogin()[pri:0, instance:tests.LoginTest@7b2bbc3]" started-at="2025-07-05T17:44:22 IST" name="testValidLogin" finished-at="2025-07-05T17:44:33 IST" duration-ms="10854" status="PASS">
          <reporter-output>
          </reporter-output>
        </test-method> <!-- testValidLogin -->
        <test-method is-config="true" signature="teardown()[pri:0, instance:tests.LoginTest@7b2bbc3]" started-at="2025-07-05T17:44:33 IST" name="teardown" finished-at="2025-07-05T17:44:33 IST" duration-ms="598" status="PASS">
          <reporter-output>
          </reporter-output>
        </test-method> <!-- teardown -->
      </class> <!-- tests.LoginTest -->
    </test> <!-- Test -->
  </suite> <!-- Suite -->
</testng-results>
