<?xml version="1.0" encoding="UTF-8"?>
<testng-results ignored="0" total="1" passed="1" failed="0" skipped="0">
  <reporter-output>
  </reporter-output>
  <suite started-at="2025-07-03T17:49:05 IST" name="Suite" finished-at="2025-07-03T17:49:18 IST" duration-ms="12812">
    <groups>
    </groups>
    <test started-at="2025-07-03T17:49:05 IST" name="Test" finished-at="2025-07-03T17:49:18 IST" duration-ms="12812">
      <class name="tests.LoginTest">
        <test-method is-config="true" signature="setup()[pri:0, instance:tests.LoginTest@55a147cc]" started-at="2025-07-03T17:49:05 IST" name="setup" finished-at="2025-07-03T17:49:13 IST" duration-ms="7852" status="PASS">
          <reporter-output>
          </reporter-output>
        </test-method> <!-- setup -->
        <test-method signature="testValidLogin()[pri:0, instance:tests.LoginTest@55a147cc]" started-at="2025-07-03T17:49:13 IST" name="testValidLogin" finished-at="2025-07-03T17:49:18 IST" duration-ms="4424" status="PASS">
          <reporter-output>
          </reporter-output>
        </test-method> <!-- testValidLogin -->
        <test-method is-config="true" signature="teardown()[pri:0, instance:tests.LoginTest@55a147cc]" started-at="2025-07-03T17:49:18 IST" name="teardown" finished-at="2025-07-03T17:49:18 IST" duration-ms="432" status="PASS">
          <reporter-output>
          </reporter-output>
        </test-method> <!-- teardown -->
      </class> <!-- tests.LoginTest -->
    </test> <!-- Test -->
  </suite> <!-- Suite -->
</testng-results>
